
=================================================================================
2025-11-02 21:02:14.271Z: Configuration starting...
2025-11-02 21:02:14.288Z: Cloning...
2025-11-02 21:02:15.133Z: Using image: mcr.microsoft.com/devcontainers/universal

=================================================================================
2025-11-02 21:02:15.154Z: Creating container...
2025-11-02 21:02:15.206Z: $ devcontainer up --id-label Type=codespaces --workspace-folder /var/lib/docker/codespacemount/workspace/flask-coldspace-jill --mount type=bind,source=/.codespaces/agent/mount/cache,target=/vscode --user-data-folder /var/lib/docker/codespacemount/.persistedshare --container-data-folder .vscode-remote/data/Machine --container-system-data-folder /var/vscode-remote --log-level trace --log-format json --update-remote-user-uid-default never --mount-workspace-git-root false --omit-config-remote-env-from-metadata --skip-non-blocking-commands --skip-post-create --expect-existing-container --override-config /root/.codespaces/shared/merged_devcontainer.json --default-user-env-probe loginInteractiveShell --container-session-data-folder /workspaces/.codespaces/.persistedshare/devcontainers-cli/cache --secrets-file /root/.codespaces/shared/user-secrets-envs.json
2025-11-02 21:02:15.405Z: @devcontainers/cli 0.80.0. Node.js v18.20.6. linux 6.8.0-1030-azure x64.
2025-11-02 21:02:15.623Z: $ docker start 3704308f1b022de56899bf34b3e700db654f493503aea191e4b01b06dff78c9c
2025-11-02 21:02:18.036Z: 3704308f1b022de56899bf34b3e700db654f493503aea191e4b01b06dff78c9c

2025-11-02 21:02:18.039Z: Stop: Run: docker start 3704308f1b022de56899bf34b3e700db654f493503aea191e4b01b06dff78c9c
2025-11-02 21:02:18.301Z: Outcome: success User: codespace WorkspaceFolder: /workspaces/flask-coldspace-jill
2025-11-02 21:02:18.316Z: devcontainer process exited with exit code 0

=================================================================================
2025-11-02 21:02:18.915Z: Running blocking commands...
2025-11-02 21:02:18.959Z: $ devcontainer up --id-label Type=codespaces --workspace-folder /var/lib/docker/codespacemount/workspace/flask-coldspace-jill --mount type=bind,source=/.codespaces/agent/mount/cache,target=/vscode --user-data-folder /var/lib/docker/codespacemount/.persistedshare --container-data-folder .vscode-remote/data/Machine --container-system-data-folder /var/vscode-remote --log-level trace --log-format json --update-remote-user-uid-default never --mount-workspace-git-root false --omit-config-remote-env-from-metadata --skip-non-blocking-commands --expect-existing-container --override-config /root/.codespaces/shared/merged_devcontainer.json --default-user-env-probe loginInteractiveShell --container-session-data-folder /workspaces/.codespaces/.persistedshare/devcontainers-cli/cache --secrets-file /root/.codespaces/shared/user-secrets-envs.json
2025-11-02 21:02:19.225Z: @devcontainers/cli 0.80.0. Node.js v18.20.6. linux 6.8.0-1030-azure x64.
2025-11-02 21:02:19.671Z: Outcome: success User: codespace WorkspaceFolder: /workspaces/flask-coldspace-jill
2025-11-02 21:02:19.684Z: devcontainer process exited with exit code 0

=================================================================================
2025-11-02 21:02:19.718Z: Configuring codespace...

=================================================================================
2025-11-02 21:02:19.719Z: Running commands...
2025-11-02 21:02:19.719Z: $ devcontainer up --id-label Type=codespaces --workspace-folder /var/lib/docker/codespacemount/workspace/flask-coldspace-jill --expect-existing-container --skip-post-attach --mount type=bind,source=/.codespaces/agent/mount/cache,target=/vscode --container-data-folder .vscode-remote/data/Machine --container-system-data-folder /var/vscode-remote --log-level trace --log-format json --update-remote-user-uid-default never --mount-workspace-git-root false --override-config /root/.codespaces/shared/merged_devcontainer.json --default-user-env-probe loginInteractiveShell --container-session-data-folder /workspaces/.codespaces/.persistedshare/devcontainers-cli/cache --secrets-file /root/.codespaces/shared/user-secrets-envs.json
2025-11-02 21:02:20.171Z: @devcontainers/cli 0.80.0. Node.js v18.20.6. linux 6.8.0-1030-azure x64.
2025-11-02 21:02:20.998Z: Outcome: success User: codespace WorkspaceFolder: /workspaces/flask-coldspace-jill
2025-11-02 21:02:21.054Z: devcontainer process exited with exit code 0

=================================================================================
2025-11-02 21:02:21.198Z: Finished configuring codespace.
